2022-09-22T01:39:23+00:00 CRITICAL syntax error, unexpected '<', expecting end of file en C:\xampp74\htdocs\wordpress\wp-content\themes\rafasantiago\index.php en la línea 7

2022-09-22T01:40:44+00:00 CRITICAL syntax error, unexpected '<', expecting end of file en C:\xampp74\htdocs\wordpress\wp-content\themes\rafasantiago\index.php en la línea 7

2022-09-22T01:49:57+00:00 CRITICAL syntax error, unexpected '<', expecting end of file en C:\xampp74\htdocs\wordpress\wp-content\themes\rafasantiago\index.php en la línea 8

2022-09-22T05:24:21+00:00 CRITICAL Uncaught Error: Call to undefined function get_funtions() in C:\xampp74\htdocs\wordpress\wp-content\themes\rafasantiago\index.php:3
Stack trace:
#0 C:\xampp74\htdocs\wordpress\wp-includes\template-loader.php(106): include()
#1 C:\xampp74\htdocs\wordpress\wp-blog-header.php(19): require_once('C:\\xampp74\\htdo...')
#2 C:\xampp74\htdocs\wordpress\index.php(17): require('C:\\xampp74\\htdo...')
#3 {main}
  thrown en C:\xampp74\htdocs\wordpress\wp-content\themes\rafasantiago\index.php en la línea 3

2022-09-22T05:24:22+00:00 CRITICAL Uncaught Error: Call to undefined function get_funtions() in C:\xampp74\htdocs\wordpress\wp-content\themes\rafasantiago\index.php:3
Stack trace:
#0 C:\xampp74\htdocs\wordpress\wp-includes\template-loader.php(106): include()
#1 C:\xampp74\htdocs\wordpress\wp-blog-header.php(19): require_once('C:\\xampp74\\htdo...')
#2 C:\xampp74\htdocs\wordpress\index.php(17): require('C:\\xampp74\\htdo...')
#3 {main}
  thrown en C:\xampp74\htdocs\wordpress\wp-content\themes\rafasantiago\index.php en la línea 3

2022-09-22T05:25:33+00:00 CRITICAL Uncaught Error: Call to undefined function get_funtions() in C:\xampp74\htdocs\wordpress\wp-content\themes\rafasantiago\index.php:3
Stack trace:
#0 C:\xampp74\htdocs\wordpress\wp-includes\template-loader.php(106): include()
#1 C:\xampp74\htdocs\wordpress\wp-blog-header.php(19): require_once('C:\\xampp74\\htdo...')
#2 C:\xampp74\htdocs\wordpress\index.php(17): require('C:\\xampp74\\htdo...')
#3 {main}
  thrown en C:\xampp74\htdocs\wordpress\wp-content\themes\rafasantiago\index.php en la línea 3

2022-09-22T05:25:34+00:00 CRITICAL Uncaught Error: Call to undefined function get_funtions() in C:\xampp74\htdocs\wordpress\wp-content\themes\rafasantiago\index.php:3
Stack trace:
#0 C:\xampp74\htdocs\wordpress\wp-includes\template-loader.php(106): include()
#1 C:\xampp74\htdocs\wordpress\wp-blog-header.php(19): require_once('C:\\xampp74\\htdo...')
#2 C:\xampp74\htdocs\wordpress\index.php(17): require('C:\\xampp74\\htdo...')
#3 {main}
  thrown en C:\xampp74\htdocs\wordpress\wp-content\themes\rafasantiago\index.php en la línea 3

2022-09-22T06:03:28+00:00 CRITICAL Uncaught Error: Call to undefined function modificar_pie_admin() in C:\xampp74\htdocs\wordpress\wp-content\themes\rafasantiago\index.php:3
Stack trace:
#0 C:\xampp74\htdocs\wordpress\wp-includes\template-loader.php(106): include()
#1 C:\xampp74\htdocs\wordpress\wp-blog-header.php(19): require_once('C:\\xampp74\\htdo...')
#2 C:\xampp74\htdocs\wordpress\index.php(17): require('C:\\xampp74\\htdo...')
#3 {main}
  thrown en C:\xampp74\htdocs\wordpress\wp-content\themes\rafasantiago\index.php en la línea 3

2022-09-22T06:03:52+00:00 CRITICAL Uncaught Error: Call to undefined function get_modificar_pie_admin() in C:\xampp74\htdocs\wordpress\wp-content\themes\rafasantiago\index.php:3
Stack trace:
#0 C:\xampp74\htdocs\wordpress\wp-includes\template-loader.php(106): include()
#1 C:\xampp74\htdocs\wordpress\wp-blog-header.php(19): require_once('C:\\xampp74\\htdo...')
#2 C:\xampp74\htdocs\wordpress\index.php(17): require('C:\\xampp74\\htdo...')
#3 {main}
  thrown en C:\xampp74\htdocs\wordpress\wp-content\themes\rafasantiago\index.php en la línea 3

2022-09-22T06:05:53+00:00 CRITICAL Uncaught Error: Call to undefined function get_modificar_pie_admin() in C:\xampp74\htdocs\wordpress\wp-content\themes\rafasantiago\index.php:3
Stack trace:
#0 C:\xampp74\htdocs\wordpress\wp-includes\template-loader.php(106): include()
#1 C:\xampp74\htdocs\wordpress\wp-blog-header.php(19): require_once('C:\\xampp74\\htdo...')
#2 C:\xampp74\htdocs\wordpress\index.php(17): require('C:\\xampp74\\htdo...')
#3 {main}
  thrown en C:\xampp74\htdocs\wordpress\wp-content\themes\rafasantiago\index.php en la línea 3

